2021-05-05 15:54:35.069  INFO 26192 --- [restartedMain] com.accolite.ayush.BackendApplication    : Starting BackendApplication using Java 15.0.2 on DESKTOP-HHI0FVN with PID 26192 (C:\Users\Shah\Desktop\Opportunity-Management\Backend\target\classes started by Shah in C:\Users\Shah\Desktop\Opportunity-Management\Backend)
2021-05-05 15:54:35.084  INFO 26192 --- [restartedMain] com.accolite.ayush.BackendApplication    : No active profile set, falling back to default profiles: default
2021-05-05 15:54:35.389  INFO 26192 --- [restartedMain] .e.DevToolsPropertyDefaultsPostProcessor : Devtools property defaults active! Set 'spring.devtools.add-properties' to 'false' to disable
2021-05-05 15:54:35.390  INFO 26192 --- [restartedMain] .e.DevToolsPropertyDefaultsPostProcessor : For additional web related logging consider setting the 'logging.level.web' property to 'DEBUG'
2021-05-05 15:54:40.404  INFO 26192 --- [restartedMain] o.s.b.w.embedded.tomcat.TomcatWebServer  : Tomcat initialized with port(s): 8080 (http)
2021-05-05 15:54:40.455  INFO 26192 --- [restartedMain] o.apache.catalina.core.StandardService   : Starting service [Tomcat]
2021-05-05 15:54:40.456  INFO 26192 --- [restartedMain] org.apache.catalina.core.StandardEngine  : Starting Servlet engine: [Apache Tomcat/9.0.45]
2021-05-05 15:54:40.663  INFO 26192 --- [restartedMain] o.a.c.c.C.[Tomcat].[localhost].[/]       : Initializing Spring embedded WebApplicationContext
2021-05-05 15:54:40.663  INFO 26192 --- [restartedMain] w.s.c.ServletWebServerApplicationContext : Root WebApplicationContext: initialization completed in 5272 ms
2021-05-05 15:54:41.235  INFO 26192 --- [restartedMain] o.s.s.concurrent.ThreadPoolTaskExecutor  : Initializing ExecutorService 'applicationTaskExecutor'
2021-05-05 15:54:41.648  INFO 26192 --- [restartedMain] o.s.b.d.a.OptionalLiveReloadServer       : LiveReload server is running on port 35729
2021-05-05 15:54:41.758  INFO 26192 --- [restartedMain] o.s.b.w.embedded.tomcat.TomcatWebServer  : Tomcat started on port(s): 8080 (http) with context path ''
2021-05-05 15:54:41.776  INFO 26192 --- [restartedMain] com.accolite.ayush.BackendApplication    : Started BackendApplication in 8.761 seconds (JVM running for 14.505)
2021-05-05 16:14:08.198  INFO 26192 --- [http-nio-8080-exec-1] o.a.c.c.C.[Tomcat].[localhost].[/]       : Initializing Spring DispatcherServlet 'dispatcherServlet'
2021-05-05 16:14:08.200  INFO 26192 --- [http-nio-8080-exec-1] o.s.web.servlet.DispatcherServlet        : Initializing Servlet 'dispatcherServlet'
2021-05-05 16:14:08.202  INFO 26192 --- [http-nio-8080-exec-1] o.s.web.servlet.DispatcherServlet        : Completed initialization in 2 ms
2021-05-05 16:14:10.153  INFO 26192 --- [http-nio-8080-exec-1] c.a.ayush.controller.DemandController    : Demand Controller - getCurrentDemands()
2021-05-05 16:14:10.423  INFO 26192 --- [http-nio-8080-exec-1] com.zaxxer.hikari.HikariDataSource       : HikariPool-1 - Starting...
2021-05-05 16:14:30.449  INFO 26192 --- [http-nio-8080-exec-1] com.zaxxer.hikari.HikariDataSource       : HikariPool-1 - Start completed.
2021-05-05 16:14:30.626  INFO 26192 --- [http-nio-8080-exec-2] c.a.ayush.controller.TrendsController    : TrendsController - getDemandsBySkills()
2021-05-05 16:14:30.641  INFO 26192 --- [http-nio-8080-exec-3] c.a.ayush.controller.TrendsController    : TrendsController - getDemandsByLoc()
2021-05-05 16:15:07.484  INFO 26192 --- [http-nio-8080-exec-6] c.a.ayush.controller.AuditController     : Audit Controller - getAllAudits()
2021-05-05 16:15:31.475  INFO 26192 --- [http-nio-8080-exec-10] c.a.ayush.controller.DemandController    : Demand Controller - getCurrentDemands()
2021-05-05 16:15:56.058  INFO 26192 --- [http-nio-8080-exec-9] c.a.ayush.controller.AuditController     : Audit Controller - getAllAudits()
2021-05-05 16:15:57.098  INFO 26192 --- [http-nio-8080-exec-5] c.a.ayush.controller.TrendsController    : TrendsController - getDemandsByLoc()
2021-05-05 16:15:57.108  INFO 26192 --- [http-nio-8080-exec-2] c.a.ayush.controller.TrendsController    : TrendsController - getDemandsBySkills()
2021-05-05 16:16:00.488  INFO 26192 --- [http-nio-8080-exec-1] c.a.ayush.controller.DemandController    : DemandController - getAllDemands()
2021-05-05 16:16:29.612  INFO 26192 --- [http-nio-8080-exec-7] c.a.ayush.controller.DemandController    : Demand Controller - getCurrentDemands()
2021-05-05 16:16:44.724  INFO 26192 --- [http-nio-8080-exec-3] c.a.ayush.controller.AuditController     : Audit Controller - getAllAudits()
2021-05-05 16:16:50.986  INFO 26192 --- [http-nio-8080-exec-4] c.a.ayush.controller.DemandController    : DemandController - getAllDemands()
2021-05-05 16:16:53.421  INFO 26192 --- [http-nio-8080-exec-10] c.a.ayush.controller.DemandController    : Demand Controller - getCurrentDemands()
2021-05-05 16:16:55.234  INFO 26192 --- [http-nio-8080-exec-6] c.a.ayush.controller.AuditController     : Audit Controller - getAllAudits()
2021-05-05 16:22:21.706  INFO 26192 --- [http-nio-8080-exec-3] c.a.ayush.controller.DemandController    : Demand Controller - getCurrentDemands()
2021-05-05 16:22:23.442  INFO 26192 --- [http-nio-8080-exec-4] c.a.ayush.controller.AuditController     : Audit Controller - getAllAudits()
2021-05-05 16:22:30.281  INFO 26192 --- [http-nio-8080-exec-6] c.a.ayush.controller.AuditController     : Audit Controller - getAllAudits()
2021-05-05 16:22:31.259  INFO 26192 --- [http-nio-8080-exec-8] c.a.ayush.controller.AuditController     : Audit Controller - getAllAudits()
2021-05-05 16:22:31.962  INFO 26192 --- [http-nio-8080-exec-2] c.a.ayush.controller.AuditController     : Audit Controller - getAllAudits()
2021-05-05 16:22:32.344  INFO 26192 --- [http-nio-8080-exec-9] c.a.ayush.controller.AuditController     : Audit Controller - getAllAudits()
2021-05-05 16:22:32.439  INFO 26192 --- [http-nio-8080-exec-5] c.a.ayush.controller.AuditController     : Audit Controller - getAllAudits()
2021-05-05 16:22:32.726  INFO 26192 --- [http-nio-8080-exec-1] c.a.ayush.controller.AuditController     : Audit Controller - getAllAudits()
2021-05-05 16:22:33.090  INFO 26192 --- [http-nio-8080-exec-7] c.a.ayush.controller.AuditController     : Audit Controller - getAllAudits()
2021-05-05 16:22:33.275  INFO 26192 --- [http-nio-8080-exec-3] c.a.ayush.controller.AuditController     : Audit Controller - getAllAudits()
2021-05-05 16:22:33.447  INFO 26192 --- [http-nio-8080-exec-4] c.a.ayush.controller.AuditController     : Audit Controller - getAllAudits()
2021-05-05 16:22:52.041  INFO 26192 --- [http-nio-8080-exec-6] c.a.ayush.controller.AuditController     : Audit Controller - getAllAudits()
2021-05-05 16:22:58.226  INFO 26192 --- [http-nio-8080-exec-2] c.a.ayush.controller.AuditController     : Audit Controller - getAllAudits()
2021-05-05 16:23:02.066  INFO 26192 --- [http-nio-8080-exec-9] c.a.ayush.controller.AuditController     : Audit Controller - getAllAudits()
2021-05-05 16:23:15.875  INFO 26192 --- [http-nio-8080-exec-1] c.a.ayush.controller.AuditController     : Audit Controller - getAllAudits()
2021-05-05 16:23:25.025  INFO 26192 --- [http-nio-8080-exec-3] c.a.ayush.controller.AuditController     : Audit Controller - getAllAudits()
2021-05-05 16:23:30.030  INFO 26192 --- [http-nio-8080-exec-4] c.a.ayush.controller.TrendsController    : TrendsController - getDemandsByLoc()
2021-05-05 16:23:30.032  INFO 26192 --- [http-nio-8080-exec-10] c.a.ayush.controller.TrendsController    : TrendsController - getDemandsBySkills()
2021-05-05 16:24:04.522  INFO 26192 --- [http-nio-8080-exec-1] c.a.ayush.controller.DemandController    : DemandController - getAllDemands()
2021-05-05 16:24:26.716  INFO 26192 --- [http-nio-8080-exec-7] c.a.ayush.controller.DemandController    : Demand Controller - getCurrentDemands()
2021-05-05 16:26:07.511  INFO 26192 --- [http-nio-8080-exec-8] c.a.ayush.controller.DemandController    : Demand Controller - getCurrentDemands()
2021-05-05 16:26:49.276  INFO 26192 --- [http-nio-8080-exec-2] c.a.ayush.controller.DemandController    : Demand Controller - getCurrentDemands()
2021-05-05 16:28:53.044  INFO 26192 --- [http-nio-8080-exec-9] c.a.ayush.controller.DemandController    : Demand Controller - getCurrentDemands()
2021-05-05 16:29:32.347  INFO 26192 --- [http-nio-8080-exec-1] c.a.ayush.controller.DemandController    : Demand Controller - getCurrentDemands()
2021-05-05 16:30:17.673  INFO 26192 --- [http-nio-8080-exec-7] c.a.ayush.controller.DemandController    : Demand Controller - getCurrentDemands()
2021-05-05 16:31:14.335  INFO 26192 --- [http-nio-8080-exec-8] c.a.ayush.controller.DemandController    : Demand Controller - getCurrentDemands()
2021-05-05 16:32:17.746  INFO 26192 --- [http-nio-8080-exec-2] c.a.ayush.controller.DemandController    : Demand Controller - getCurrentDemands()
2021-05-05 16:33:03.790  INFO 26192 --- [http-nio-8080-exec-9] c.a.ayush.controller.DemandController    : DemandController - getCurrentDemandFilter()
2021-05-05 16:33:14.557  INFO 26192 --- [http-nio-8080-exec-5] c.a.ayush.controller.DemandController    : Demand Controller - getCurrentDemands()
2021-05-05 16:33:30.822  INFO 26192 --- [http-nio-8080-exec-1] c.a.ayush.controller.DemandController    : DemandController - getAllDemands()
2021-05-05 16:33:31.602  INFO 26192 --- [http-nio-8080-exec-3] c.a.ayush.controller.TrendsController    : TrendsController - getDemandsByLoc()
2021-05-05 16:33:31.603  INFO 26192 --- [http-nio-8080-exec-7] c.a.ayush.controller.TrendsController    : TrendsController - getDemandsBySkills()
2021-05-05 16:33:32.996  INFO 26192 --- [http-nio-8080-exec-4] c.a.ayush.controller.DemandController    : DemandController - getAllDemands()
2021-05-05 16:33:37.121  INFO 26192 --- [http-nio-8080-exec-10] c.a.ayush.controller.TrendsController    : TrendsController - getDemandsBySkills()
2021-05-05 16:33:37.123  INFO 26192 --- [http-nio-8080-exec-8] c.a.ayush.controller.TrendsController    : TrendsController - getDemandsByLoc()
2021-05-05 16:33:46.574  INFO 26192 --- [http-nio-8080-exec-6] c.a.ayush.controller.AuditController     : Audit Controller - getAllAudits()
2021-05-05 16:33:48.562  INFO 26192 --- [http-nio-8080-exec-2] c.a.ayush.controller.TrendsController    : TrendsController - getDemandsByLoc()
2021-05-05 16:33:48.566  INFO 26192 --- [http-nio-8080-exec-9] c.a.ayush.controller.TrendsController    : TrendsController - getDemandsBySkills()
2021-05-05 16:33:50.714  INFO 26192 --- [http-nio-8080-exec-9] c.a.ayush.controller.DemandController    : DemandController - getAllDemands()
2021-05-05 16:34:07.977  INFO 26192 --- [http-nio-8080-exec-3] c.a.ayush.controller.TrendsController    : TrendsController - getDemandsByLoc()
2021-05-05 16:34:07.985  INFO 26192 --- [http-nio-8080-exec-1] c.a.ayush.controller.TrendsController    : TrendsController - getDemandsBySkills()
2021-05-05 16:34:12.505  INFO 26192 --- [http-nio-8080-exec-1] c.a.ayush.controller.AuditController     : Audit Controller - getAllAudits()
2021-05-05 16:34:13.693  INFO 26192 --- [http-nio-8080-exec-5] c.a.ayush.controller.DemandController    : Demand Controller - getCurrentDemands()
2021-05-05 16:44:24.285  INFO 26192 --- [http-nio-8080-exec-9] c.a.ayush.controller.DemandController    : Demand Controller - getCurrentDemands()
2021-05-05 16:44:35.380  INFO 26192 --- [http-nio-8080-exec-3] c.a.ayush.controller.DemandController    : Demand Controller - getCurrentDemands()
